This file contains any messages produced by compilers while
running configure, to aid debugging if configure makes a mistake.

It was created by configure, which was
generated by GNU Autoconf 2.59.  Invocation command line was

  $ ./configure 

## --------- ##
## Platform. ##
## --------- ##

hostname = apus
uname -m = i686
uname -r = 2.6.24-23-server
uname -s = Linux
uname -v = #1 SMP Wed Apr 1 22:22:14 UTC 2009

/usr/bin/uname -p = unknown
/bin/uname -X     = unknown

/bin/arch              = unknown
/usr/bin/arch -k       = unknown
/usr/convex/getsysinfo = unknown
hostinfo               = unknown
/bin/machine           = unknown
/usr/bin/oslevel       = unknown
/bin/universe          = unknown

PATH: /usr/local/sbin
PATH: /usr/local/bin
PATH: /usr/sbin
PATH: /usr/bin
PATH: /sbin
PATH: /bin
PATH: /usr/games
PATH: /home/shlee/bin
PATH: /home/../../dfs/grus/shlee//ns-2.32
PATH: /home/../../dfs/grus/shlee//bin
PATH: /home/../../dfs/grus/shlee//tcl8.4.15/unix
PATH: /home/../../dfs/grus/shlee//tk8.4.15/unix
PATH: /home/shlee/local/texlive/2008/bin/i386-linux
PATH: /home/shlee/gawk/gawk-3.1.4


## ----------- ##
## Core tests. ##
## ----------- ##

configure:1443: checking build system type
configure:1461: result: i686-pc-linux-gnu
configure:1469: checking host system type
configure:1483: result: i686-pc-linux-gnu
configure:1491: checking target system type
configure:1505: result: i686-pc-linux-gnu
configure:1566: checking for gcc
configure:1582: found /usr/bin/gcc
configure:1592: result: gcc
configure:1836: checking for C compiler version
configure:1839: gcc --version </dev/null >&5
gcc (GCC) 4.2.4 (Ubuntu 4.2.4-1ubuntu4)
Copyright (C) 2007 Free Software Foundation, Inc.
This is free software; see the source for copying conditions.  There is NO
warranty; not even for MERCHANTABILITY or FITNESS FOR A PARTICULAR PURPOSE.

configure:1842: $? = 0
configure:1844: gcc -v </dev/null >&5
Using built-in specs.
Target: i486-linux-gnu
Configured with: ../src/configure -v --enable-languages=c,c++,fortran,objc,obj-c++,treelang --prefix=/usr --enable-shared --with-system-zlib --libexecdir=/usr/lib --without-included-gettext --enable-threads=posix --enable-nls --with-gxx-include-dir=/usr/include/c++/4.2 --program-suffix=-4.2 --enable-clocale=gnu --enable-libstdcxx-debug --enable-objc-gc --enable-mpfr --enable-targets=all --enable-checking=release --build=i486-linux-gnu --host=i486-linux-gnu --target=i486-linux-gnu
Thread model: posix
gcc version 4.2.4 (Ubuntu 4.2.4-1ubuntu4)
configure:1847: $? = 0
configure:1849: gcc -V </dev/null >&5
gcc: '-V' option must have argument
configure:1852: $? = 1
configure:1875: checking for C compiler default output file name
configure:1878: gcc    conftest.c  >&5
configure:1881: $? = 0
configure:1927: result: a.out
configure:1932: checking whether the C compiler works
configure:1938: ./a.out
configure:1941: $? = 0
configure:1958: result: yes
configure:1965: checking whether we are cross compiling
configure:1967: result: no
configure:1970: checking for suffix of executables
configure:1972: gcc -o conftest    conftest.c  >&5
configure:1975: $? = 0
configure:2000: result: 
configure:2006: checking for suffix of object files
configure:2027: gcc -c   conftest.c >&5
configure:2030: $? = 0
configure:2052: result: o
configure:2056: checking whether we are using the GNU C compiler
configure:2080: gcc -c   conftest.c >&5
configure:2086: $? = 0
configure:2090: test -z 
			 || test ! -s conftest.err
configure:2093: $? = 0
configure:2096: test -s conftest.o
configure:2099: $? = 0
configure:2112: result: yes
configure:2118: checking whether gcc accepts -g
configure:2139: gcc -c -g  conftest.c >&5
configure:2145: $? = 0
configure:2149: test -z 
			 || test ! -s conftest.err
configure:2152: $? = 0
configure:2155: test -s conftest.o
configure:2158: $? = 0
configure:2169: result: yes
configure:2186: checking for gcc option to accept ANSI C
configure:2256: gcc  -c -g -O2  conftest.c >&5
configure:2262: $? = 0
configure:2266: test -z 
			 || test ! -s conftest.err
configure:2269: $? = 0
configure:2272: test -s conftest.o
configure:2275: $? = 0
configure:2293: result: none needed
configure:2311: gcc -c -g -O2  conftest.c >&5
conftest.c:2: error: expected '=', ',', ';', 'asm' or '__attribute__' before 'me'
configure:2317: $? = 1
configure: failed program was:
| #ifndef __cplusplus
|   choke me
| #endif
configure:2502: checking for g++
configure:2518: found /usr/bin/g++
configure:2528: result: g++
configure:2544: checking for C++ compiler version
configure:2547: g++ --version </dev/null >&5
g++ (GCC) 4.2.4 (Ubuntu 4.2.4-1ubuntu4)
Copyright (C) 2007 Free Software Foundation, Inc.
This is free software; see the source for copying conditions.  There is NO
warranty; not even for MERCHANTABILITY or FITNESS FOR A PARTICULAR PURPOSE.

configure:2550: $? = 0
configure:2552: g++ -v </dev/null >&5
Using built-in specs.
Target: i486-linux-gnu
Configured with: ../src/configure -v --enable-languages=c,c++,fortran,objc,obj-c++,treelang --prefix=/usr --enable-shared --with-system-zlib --libexecdir=/usr/lib --without-included-gettext --enable-threads=posix --enable-nls --with-gxx-include-dir=/usr/include/c++/4.2 --program-suffix=-4.2 --enable-clocale=gnu --enable-libstdcxx-debug --enable-objc-gc --enable-mpfr --enable-targets=all --enable-checking=release --build=i486-linux-gnu --host=i486-linux-gnu --target=i486-linux-gnu
Thread model: posix
gcc version 4.2.4 (Ubuntu 4.2.4-1ubuntu4)
configure:2555: $? = 0
configure:2557: g++ -V </dev/null >&5
g++: '-V' option must have argument
configure:2560: $? = 1
configure:2563: checking whether we are using the GNU C++ compiler
configure:2587: g++ -c   conftest.cc >&5
configure:2593: $? = 0
configure:2597: test -z 
			 || test ! -s conftest.err
configure:2600: $? = 0
configure:2603: test -s conftest.o
configure:2606: $? = 0
configure:2619: result: yes
configure:2625: checking whether g++ accepts -g
configure:2646: g++ -c -g  conftest.cc >&5
configure:2652: $? = 0
configure:2656: test -z 
			 || test ! -s conftest.err
configure:2659: $? = 0
configure:2662: test -s conftest.o
configure:2665: $? = 0
configure:2676: result: yes
configure:2718: g++ -c -g -O2  conftest.cc >&5
configure:2724: $? = 0
configure:2728: test -z 
			 || test ! -s conftest.err
configure:2731: $? = 0
configure:2734: test -s conftest.o
configure:2737: $? = 0
configure:2763: g++ -c -g -O2  conftest.cc >&5
conftest.cc: In function 'int main()':
conftest.cc:14: error: 'exit' was not declared in this scope
configure:2769: $? = 1
configure: failed program was:
| /* confdefs.h.  */
| 
| #define PACKAGE_NAME ""
| #define PACKAGE_TARNAME ""
| #define PACKAGE_VERSION ""
| #define PACKAGE_STRING ""
| #define PACKAGE_BUGREPORT ""
| #define _GNU_SOURCE 1
| /* end confdefs.h.  */
| 
| int
| main ()
| {
| exit (42);
|   ;
|   return 0;
| }
configure:2718: g++ -c -g -O2  conftest.cc >&5
conftest.cc:10: error: 'void std::exit(int)' should have been declared inside 'std'
configure:2724: $? = 1
configure: failed program was:
| /* confdefs.h.  */
| 
| #define PACKAGE_NAME ""
| #define PACKAGE_TARNAME ""
| #define PACKAGE_VERSION ""
| #define PACKAGE_STRING ""
| #define PACKAGE_BUGREPORT ""
| #define _GNU_SOURCE 1
| /* end confdefs.h.  */
| extern "C" void std::exit (int) throw (); using std::exit;
| #include <stdlib.h>
| int
| main ()
| {
| exit (42);
|   ;
|   return 0;
| }
configure:2718: g++ -c -g -O2  conftest.cc >&5
conftest.cc:10: error: 'void std::exit(int)' should have been declared inside 'std'
In file included from conftest.cc:11:
/usr/include/stdlib.h:531: error: declaration of 'void std::exit(int) throw ()' throws different exceptions
conftest.cc:10: error: from previous declaration 'void std::exit(int)'
configure:2724: $? = 1
configure: failed program was:
| /* confdefs.h.  */
| 
| #define PACKAGE_NAME ""
| #define PACKAGE_TARNAME ""
| #define PACKAGE_VERSION ""
| #define PACKAGE_STRING ""
| #define PACKAGE_BUGREPORT ""
| #define _GNU_SOURCE 1
| /* end confdefs.h.  */
| extern "C" void std::exit (int); using std::exit;
| #include <stdlib.h>
| int
| main ()
| {
| exit (42);
|   ;
|   return 0;
| }
configure:2718: g++ -c -g -O2  conftest.cc >&5
configure:2724: $? = 0
configure:2728: test -z 
			 || test ! -s conftest.err
configure:2731: $? = 0
configure:2734: test -s conftest.o
configure:2737: $? = 0
configure:2763: g++ -c -g -O2  conftest.cc >&5
configure:2769: $? = 0
configure:2773: test -z 
			 || test ! -s conftest.err
configure:2776: $? = 0
configure:2779: test -s conftest.o
configure:2782: $? = 0
configure:2811: checking how to run the C preprocessor
configure:2846: gcc -E  conftest.c
configure:2852: $? = 0
configure:2884: gcc -E  conftest.c
conftest.c:13:28: error: ac_nonexistent.h: No such file or directory
configure:2890: $? = 1
configure: failed program was:
| /* confdefs.h.  */
| 
| #define PACKAGE_NAME ""
| #define PACKAGE_TARNAME ""
| #define PACKAGE_VERSION ""
| #define PACKAGE_STRING ""
| #define PACKAGE_BUGREPORT ""
| #define _GNU_SOURCE 1
| #ifdef __cplusplus
| extern "C" void exit (int) throw ();
| #endif
| /* end confdefs.h.  */
| #include <ac_nonexistent.h>
configure:2929: result: gcc -E
configure:2953: gcc -E  conftest.c
configure:2959: $? = 0
configure:2991: gcc -E  conftest.c
conftest.c:13:28: error: ac_nonexistent.h: No such file or directory
configure:2997: $? = 1
configure: failed program was:
| /* confdefs.h.  */
| 
| #define PACKAGE_NAME ""
| #define PACKAGE_TARNAME ""
| #define PACKAGE_VERSION ""
| #define PACKAGE_STRING ""
| #define PACKAGE_BUGREPORT ""
| #define _GNU_SOURCE 1
| #ifdef __cplusplus
| extern "C" void exit (int) throw ();
| #endif
| /* end confdefs.h.  */
| #include <ac_nonexistent.h>
configure:3041: checking for egrep
configure:3051: result: grep -E
configure:3056: checking for ANSI C header files
configure:3081: gcc -c -g -O2  conftest.c >&5
configure:3087: $? = 0
configure:3091: test -z 
			 || test ! -s conftest.err
configure:3094: $? = 0
configure:3097: test -s conftest.o
configure:3100: $? = 0
configure:3189: gcc -o conftest -g -O2   conftest.c  >&5
conftest.c: In function 'main':
conftest.c:30: warning: incompatible implicit declaration of built-in function 'exit'
configure:3192: $? = 0
configure:3194: ./conftest
configure:3197: $? = 0
configure:3212: result: yes
configure:3236: checking for sys/types.h
configure:3252: gcc -c -g -O2  conftest.c >&5
configure:3258: $? = 0
configure:3262: test -z 
			 || test ! -s conftest.err
configure:3265: $? = 0
configure:3268: test -s conftest.o
configure:3271: $? = 0
configure:3282: result: yes
configure:3236: checking for sys/stat.h
configure:3252: gcc -c -g -O2  conftest.c >&5
configure:3258: $? = 0
configure:3262: test -z 
			 || test ! -s conftest.err
configure:3265: $? = 0
configure:3268: test -s conftest.o
configure:3271: $? = 0
configure:3282: result: yes
configure:3236: checking for stdlib.h
configure:3252: gcc -c -g -O2  conftest.c >&5
configure:3258: $? = 0
configure:3262: test -z 
			 || test ! -s conftest.err
configure:3265: $? = 0
configure:3268: test -s conftest.o
configure:3271: $? = 0
configure:3282: result: yes
configure:3236: checking for string.h
configure:3252: gcc -c -g -O2  conftest.c >&5
configure:3258: $? = 0
configure:3262: test -z 
			 || test ! -s conftest.err
configure:3265: $? = 0
configure:3268: test -s conftest.o
configure:3271: $? = 0
configure:3282: result: yes
configure:3236: checking for memory.h
configure:3252: gcc -c -g -O2  conftest.c >&5
configure:3258: $? = 0
configure:3262: test -z 
			 || test ! -s conftest.err
configure:3265: $? = 0
configure:3268: test -s conftest.o
configure:3271: $? = 0
configure:3282: result: yes
configure:3236: checking for strings.h
configure:3252: gcc -c -g -O2  conftest.c >&5
configure:3258: $? = 0
configure:3262: test -z 
			 || test ! -s conftest.err
configure:3265: $? = 0
configure:3268: test -s conftest.o
configure:3271: $? = 0
configure:3282: result: yes
configure:3236: checking for inttypes.h
configure:3252: gcc -c -g -O2  conftest.c >&5
configure:3258: $? = 0
configure:3262: test -z 
			 || test ! -s conftest.err
configure:3265: $? = 0
configure:3268: test -s conftest.o
configure:3271: $? = 0
configure:3282: result: yes
configure:3236: checking for stdint.h
configure:3252: gcc -c -g -O2  conftest.c >&5
configure:3258: $? = 0
configure:3262: test -z 
			 || test ! -s conftest.err
configure:3265: $? = 0
configure:3268: test -s conftest.o
configure:3271: $? = 0
configure:3282: result: yes
configure:3236: checking for unistd.h
configure:3252: gcc -c -g -O2  conftest.c >&5
configure:3258: $? = 0
configure:3262: test -z 
			 || test ! -s conftest.err
configure:3265: $? = 0
configure:3268: test -s conftest.o
configure:3271: $? = 0
configure:3282: result: yes
configure:3299: checking for string.h
configure:3304: result: yes
configure:3454: checking for main in -lXbsd
configure:3478: gcc -o conftest -g -O2   conftest.c -lXbsd   >&5
/usr/bin/ld: cannot find -lXbsd
collect2: ld returned 1 exit status
configure:3484: $? = 1
configure: failed program was:
| /* confdefs.h.  */
| 
| #define PACKAGE_NAME ""
| #define PACKAGE_TARNAME ""
| #define PACKAGE_VERSION ""
| #define PACKAGE_STRING ""
| #define PACKAGE_BUGREPORT ""
| #define _GNU_SOURCE 1
| #ifdef __cplusplus
| extern "C" void exit (int) throw ();
| #endif
| #define STDC_HEADERS 1
| #define HAVE_SYS_TYPES_H 1
| #define HAVE_SYS_STAT_H 1
| #define HAVE_STDLIB_H 1
| #define HAVE_STRING_H 1
| #define HAVE_MEMORY_H 1
| #define HAVE_STRINGS_H 1
| #define HAVE_INTTYPES_H 1
| #define HAVE_STDINT_H 1
| #define HAVE_UNISTD_H 1
| #define HAVE_STRING_H 1
| /* end confdefs.h.  */
| 
| 
| int
| main ()
| {
| main ();
|   ;
|   return 0;
| }
configure:3510: result: no
configure:3516: checking for socket in -lsocket
configure:3546: gcc -o conftest -g -O2   conftest.c -lsocket   >&5
/usr/bin/ld: cannot find -lsocket
collect2: ld returned 1 exit status
configure:3552: $? = 1
configure: failed program was:
| /* confdefs.h.  */
| 
| #define PACKAGE_NAME ""
| #define PACKAGE_TARNAME ""
| #define PACKAGE_VERSION ""
| #define PACKAGE_STRING ""
| #define PACKAGE_BUGREPORT ""
| #define _GNU_SOURCE 1
| #ifdef __cplusplus
| extern "C" void exit (int) throw ();
| #endif
| #define STDC_HEADERS 1
| #define HAVE_SYS_TYPES_H 1
| #define HAVE_SYS_STAT_H 1
| #define HAVE_STDLIB_H 1
| #define HAVE_STRING_H 1
| #define HAVE_MEMORY_H 1
| #define HAVE_STRINGS_H 1
| #define HAVE_INTTYPES_H 1
| #define HAVE_STDINT_H 1
| #define HAVE_UNISTD_H 1
| #define HAVE_STRING_H 1
| /* end confdefs.h.  */
| 
| /* Override any gcc2 internal prototype to avoid an error.  */
| #ifdef __cplusplus
| extern "C"
| #endif
| /* We use char because int might match the return type of a gcc2
|    builtin and then its argument prototype would still apply.  */
| char socket ();
| int
| main ()
| {
| socket ();
|   ;
|   return 0;
| }
configure:3578: result: no
configure:3584: checking for gethostbyname in -lnsl
configure:3614: gcc -o conftest -g -O2   conftest.c -lnsl   >&5
configure:3620: $? = 0
configure:3624: test -z 
			 || test ! -s conftest.err
configure:3627: $? = 0
configure:3630: test -s conftest
configure:3633: $? = 0
configure:3646: result: yes
configure:3652: checking for dcgettext in -lintl
configure:3682: gcc -o conftest -g -O2   conftest.c -lintl   >&5
conftest.c:31: warning: conflicting types for built-in function 'dcgettext'
/usr/bin/ld: cannot find -lintl
collect2: ld returned 1 exit status
configure:3688: $? = 1
configure: failed program was:
| /* confdefs.h.  */
| 
| #define PACKAGE_NAME ""
| #define PACKAGE_TARNAME ""
| #define PACKAGE_VERSION ""
| #define PACKAGE_STRING ""
| #define PACKAGE_BUGREPORT ""
| #define _GNU_SOURCE 1
| #ifdef __cplusplus
| extern "C" void exit (int) throw ();
| #endif
| #define STDC_HEADERS 1
| #define HAVE_SYS_TYPES_H 1
| #define HAVE_SYS_STAT_H 1
| #define HAVE_STDLIB_H 1
| #define HAVE_STRING_H 1
| #define HAVE_MEMORY_H 1
| #define HAVE_STRINGS_H 1
| #define HAVE_INTTYPES_H 1
| #define HAVE_STDINT_H 1
| #define HAVE_UNISTD_H 1
| #define HAVE_STRING_H 1
| /* end confdefs.h.  */
| 
| /* Override any gcc2 internal prototype to avoid an error.  */
| #ifdef __cplusplus
| extern "C"
| #endif
| /* We use char because int might match the return type of a gcc2
|    builtin and then its argument prototype would still apply.  */
| char dcgettext ();
| int
| main ()
| {
| dcgettext ();
|   ;
|   return 0;
| }
configure:3714: result: no
configure:3720: checking for getnodebyname in -ldnet_stub
configure:3750: gcc -o conftest -g -O2   conftest.c -ldnet_stub   >&5
/usr/bin/ld: cannot find -ldnet_stub
collect2: ld returned 1 exit status
configure:3756: $? = 1
configure: failed program was:
| /* confdefs.h.  */
| 
| #define PACKAGE_NAME ""
| #define PACKAGE_TARNAME ""
| #define PACKAGE_VERSION ""
| #define PACKAGE_STRING ""
| #define PACKAGE_BUGREPORT ""
| #define _GNU_SOURCE 1
| #ifdef __cplusplus
| extern "C" void exit (int) throw ();
| #endif
| #define STDC_HEADERS 1
| #define HAVE_SYS_TYPES_H 1
| #define HAVE_SYS_STAT_H 1
| #define HAVE_STDLIB_H 1
| #define HAVE_STRING_H 1
| #define HAVE_MEMORY_H 1
| #define HAVE_STRINGS_H 1
| #define HAVE_INTTYPES_H 1
| #define HAVE_STDINT_H 1
| #define HAVE_UNISTD_H 1
| #define HAVE_STRING_H 1
| /* end confdefs.h.  */
| 
| /* Override any gcc2 internal prototype to avoid an error.  */
| #ifdef __cplusplus
| extern "C"
| #endif
| /* We use char because int might match the return type of a gcc2
|    builtin and then its argument prototype would still apply.  */
| char getnodebyname ();
| int
| main ()
| {
| getnodebyname ();
|   ;
|   return 0;
| }
configure:3782: result: no
configure:3828: checking that g++ can handle -O2
configure:3854: gcc -c -g -O2  conftest.c >&5
conftest.c: In function 'main':
conftest.c:30: error: 'error' undeclared (first use in this function)
conftest.c:30: error: (Each undeclared identifier is reported only once
conftest.c:30: error: for each function it appears in.)
conftest.c:34: error: expected ';' before 'int'
configure:3860: $? = 1
configure: failed program was:
| /* confdefs.h.  */
| 
| #define PACKAGE_NAME ""
| #define PACKAGE_TARNAME ""
| #define PACKAGE_VERSION ""
| #define PACKAGE_STRING ""
| #define PACKAGE_BUGREPORT ""
| #define _GNU_SOURCE 1
| #ifdef __cplusplus
| extern "C" void exit (int) throw ();
| #endif
| #define STDC_HEADERS 1
| #define HAVE_SYS_TYPES_H 1
| #define HAVE_SYS_STAT_H 1
| #define HAVE_STDLIB_H 1
| #define HAVE_STRING_H 1
| #define HAVE_MEMORY_H 1
| #define HAVE_STRINGS_H 1
| #define HAVE_INTTYPES_H 1
| #define HAVE_STDINT_H 1
| #define HAVE_UNISTD_H 1
| #define HAVE_STRING_H 1
| /* end confdefs.h.  */
| 
| int
| main ()
| {
| #if __GNUC__ < 2  || __GNUC_MINOR__ < 8
| 		/* gcc */
| 		error
| 		#endif
| 		#if __GNUC_MINOR__ < 92
| 		/* egcs */
| 		int error;
| 		#endif
| 
|   ;
|   return 0;
| }
configure:3883: result: no
configure:4001: checking if C++ libraries work without any namespace
configure:4022: g++ -c -g -O2  conftest.cc >&5
conftest.cc: In function 'int main()':
conftest.cc:29: error: 'cout' was not declared in this scope
configure:4028: $? = 1
configure: failed program was:
| /* confdefs.h.  */
| 
| #define PACKAGE_NAME ""
| #define PACKAGE_TARNAME ""
| #define PACKAGE_VERSION ""
| #define PACKAGE_STRING ""
| #define PACKAGE_BUGREPORT ""
| #define _GNU_SOURCE 1
| #ifdef __cplusplus
| extern "C" void exit (int) throw ();
| #endif
| #define STDC_HEADERS 1
| #define HAVE_SYS_TYPES_H 1
| #define HAVE_SYS_STAT_H 1
| #define HAVE_STDLIB_H 1
| #define HAVE_STRING_H 1
| #define HAVE_MEMORY_H 1
| #define HAVE_STRINGS_H 1
| #define HAVE_INTTYPES_H 1
| #define HAVE_STDINT_H 1
| #define HAVE_UNISTD_H 1
| #define HAVE_STRING_H 1
| /* end confdefs.h.  */
| #include <iostream>
| 
| int
| main ()
| {
| cout.fail();
| 
|   ;
|   return 0;
| }
configure:4051: result: no
configure:4059: checking if C++ libraries work with namespace std
configure:4080: g++ -c -g -O2  conftest.cc >&5
configure:4086: $? = 0
configure:4090: test -z 
			 || test ! -s conftest.err
configure:4093: $? = 0
configure:4096: test -s conftest.o
configure:4099: $? = 0
configure:4101: result: yes
configure:4118: checking if STL works without any namespace
configure:4138: g++ -c -g -O2  conftest.cc >&5
conftest.cc: In function 'int main()':
conftest.cc:29: error: 'list' was not declared in this scope
conftest.cc:29: error: expected primary-expression before 'int'
conftest.cc:29: error: expected `;' before 'int'
configure:4144: $? = 1
configure: failed program was:
| /* confdefs.h.  */
| 
| #define PACKAGE_NAME ""
| #define PACKAGE_TARNAME ""
| #define PACKAGE_VERSION ""
| #define PACKAGE_STRING ""
| #define PACKAGE_BUGREPORT ""
| #define _GNU_SOURCE 1
| #ifdef __cplusplus
| extern "C" void exit (int) throw ();
| #endif
| #define STDC_HEADERS 1
| #define HAVE_SYS_TYPES_H 1
| #define HAVE_SYS_STAT_H 1
| #define HAVE_STDLIB_H 1
| #define HAVE_STRING_H 1
| #define HAVE_MEMORY_H 1
| #define HAVE_STRINGS_H 1
| #define HAVE_INTTYPES_H 1
| #define HAVE_STDINT_H 1
| #define HAVE_UNISTD_H 1
| #define HAVE_STRING_H 1
| /* end confdefs.h.  */
| #include <list>
| 
| int
| main ()
| {
| list<int> test;
| 
|   ;
|   return 0;
| }
configure:4167: result: no
configure:4175: checking if STL works with namespace std
configure:4196: g++ -c -g -O2  conftest.cc >&5
configure:4202: $? = 0
configure:4206: test -z 
			 || test ! -s conftest.err
configure:4209: $? = 0
configure:4212: test -s conftest.o
configure:4215: $? = 0
configure:4217: result: yes
configure:4298: checking should use STL
configure:4323: result: yes
configure:4546: checking for tcl.h
configure:4599: result: -I../include
configure:4605: checking for libtcl8.4
configure:4669: result: -L../lib -ltcl8.4
configure:4675: checking for init.tcl
configure:4714: result: ../lib/tcl8.4
configure:4731: checking for tclsh8.4.15
configure:4764: result: no
configure:4731: checking for tclsh8.4
configure:4749: found ../bin/tclsh8.4
configure:4761: result: ../bin/tclsh8.4
configure:4992: checking for tk.h
configure:5045: result: -I../include
configure:5051: checking for libtk8.4
configure:5115: result: -L../lib -ltk8.4
configure:5121: checking for tk.tcl
configure:5160: result: ../lib/tk8.4
configure:5259: checking for otcl.h
configure:5312: result: -I../otcl-1.13
configure:5318: checking for libotcl1.13
configure:5382: result: -L../otcl-1.13 -lotcl
configure:5509: checking for tclcl.h
configure:5562: result: -I../tclcl-1.19
configure:5568: checking for libtclcl
configure:5632: result: -L../tclcl-1.19 -ltclcl
configure:5638: checking for tcl2c++
configure:5677: result: ../tclcl-1.19
configure:5878: gcc -E  conftest.c
configure:5884: $? = 0
configure:5924: checking for XOpenDisplay in -lX11
configure:5954: gcc -o conftest -g -O2   conftest.c -lX11   >&5
configure:5960: $? = 0
configure:5964: test -z 
			 || test ! -s conftest.err
configure:5967: $? = 0
configure:5970: test -s conftest
configure:5973: $? = 0
configure:5986: result: yes
configure:6012: checking for XShmAttach in -lXext
configure:6042: gcc -o conftest -g -O2   conftest.c -lXext -lX11  >&5
configure:6048: $? = 0
configure:6052: test -z 
			 || test ! -s conftest.err
configure:6055: $? = 0
configure:6058: test -s conftest
configure:6061: $? = 0
configure:6074: result: yes
configure:6145: checking for libtcldbg
configure:6190: result: no
configure:6300: checking dmalloc
configure:6302: result: not requested with --with-dmalloc
configure:6583: checking for perl
configure:6622: result: /usr/bin
/usr/bin/perl -e require 5.002
configure:6731: checking for ANSI C header files
configure:6887: result: yes
configure:6919: checking arpa/inet.h usability
configure:6931: gcc -c -g -O2  conftest.c >&5
configure:6937: $? = 0
configure:6941: test -z 
			 || test ! -s conftest.err
configure:6944: $? = 0
configure:6947: test -s conftest.o
configure:6950: $? = 0
configure:6960: result: yes
configure:6964: checking arpa/inet.h presence
configure:6974: gcc -E  conftest.c
configure:6980: $? = 0
configure:7000: result: yes
configure:7035: checking for arpa/inet.h
configure:7042: result: yes
configure:6919: checking fenv.h usability
configure:6931: gcc -c -g -O2  conftest.c >&5
configure:6937: $? = 0
configure:6941: test -z 
			 || test ! -s conftest.err
configure:6944: $? = 0
configure:6947: test -s conftest.o
configure:6950: $? = 0
configure:6960: result: yes
configure:6964: checking fenv.h presence
configure:6974: gcc -E  conftest.c
configure:6980: $? = 0
configure:7000: result: yes
configure:7035: checking for fenv.h
configure:7042: result: yes
configure:6919: checking netinet/in.h usability
configure:6931: gcc -c -g -O2  conftest.c >&5
configure:6937: $? = 0
configure:6941: test -z 
			 || test ! -s conftest.err
configure:6944: $? = 0
configure:6947: test -s conftest.o
configure:6950: $? = 0
configure:6960: result: yes
configure:6964: checking netinet/in.h presence
configure:6974: gcc -E  conftest.c
configure:6980: $? = 0
configure:7000: result: yes
configure:7035: checking for netinet/in.h
configure:7042: result: yes
configure:6910: checking for string.h
configure:6915: result: yes
configure:6910: checking for strings.h
configure:6915: result: yes
configure:6919: checking time.h usability
configure:6931: gcc -c -g -O2  conftest.c >&5
configure:6937: $? = 0
configure:6941: test -z 
			 || test ! -s conftest.err
configure:6944: $? = 0
configure:6947: test -s conftest.o
configure:6950: $? = 0
configure:6960: result: yes
configure:6964: checking time.h presence
configure:6974: gcc -E  conftest.c
configure:6980: $? = 0
configure:7000: result: yes
configure:7035: checking for time.h
configure:7042: result: yes
configure:6910: checking for unistd.h
configure:6915: result: yes
configure:6919: checking net/ethernet.h usability
configure:6931: gcc -c -g -O2  conftest.c >&5
configure:6937: $? = 0
configure:6941: test -z 
			 || test ! -s conftest.err
configure:6944: $? = 0
configure:6947: test -s conftest.o
configure:6950: $? = 0
configure:6960: result: yes
configure:6964: checking net/ethernet.h presence
configure:6974: gcc -E  conftest.c
configure:6980: $? = 0
configure:7000: result: yes
configure:7035: checking for net/ethernet.h
configure:7042: result: yes
configure:7056: checking for main in -lm
configure:7080: gcc -o conftest -g -O2   conftest.c -lm   >&5
configure:7086: $? = 0
configure:7090: test -z 
			 || test ! -s conftest.err
configure:7093: $? = 0
configure:7096: test -s conftest
configure:7099: $? = 0
configure:7112: result: yes
configure:7137: checking for bcopy
configure:7194: gcc -o conftest -g -O2   conftest.c -lm  >&5
conftest.c:68: warning: conflicting types for built-in function 'bcopy'
configure:7200: $? = 0
configure:7204: test -z 
			 || test ! -s conftest.err
configure:7207: $? = 0
configure:7210: test -s conftest
configure:7213: $? = 0
configure:7225: result: yes
configure:7137: checking for bzero
configure:7194: gcc -o conftest -g -O2   conftest.c -lm  >&5
conftest.c:69: warning: conflicting types for built-in function 'bzero'
configure:7200: $? = 0
configure:7204: test -z 
			 || test ! -s conftest.err
configure:7207: $? = 0
configure:7210: test -s conftest
configure:7213: $? = 0
configure:7225: result: yes
configure:7137: checking for fesetprecision
configure:7194: gcc -o conftest -g -O2   conftest.c -lm  >&5
/tmp/ccgctBEd.o: In function `main':
/home/shlee/idrm_mass/ns-allinone-2.32/ns-2.32/conftest.c:85: undefined reference to `fesetprecision'
/tmp/ccgctBEd.o:(.data+0x0): undefined reference to `fesetprecision'
collect2: ld returned 1 exit status
configure:7200: $? = 1
configure: failed program was:
| /* confdefs.h.  */
| 
| #define PACKAGE_NAME ""
| #define PACKAGE_TARNAME ""
| #define PACKAGE_VERSION ""
| #define PACKAGE_STRING ""
| #define PACKAGE_BUGREPORT ""
| #define _GNU_SOURCE 1
| #ifdef __cplusplus
| extern "C" void exit (int) throw ();
| #endif
| #define STDC_HEADERS 1
| #define HAVE_SYS_TYPES_H 1
| #define HAVE_SYS_STAT_H 1
| #define HAVE_STDLIB_H 1
| #define HAVE_STRING_H 1
| #define HAVE_MEMORY_H 1
| #define HAVE_STRINGS_H 1
| #define HAVE_INTTYPES_H 1
| #define HAVE_STDINT_H 1
| #define HAVE_UNISTD_H 1
| #define HAVE_STRING_H 1
| #define HAVE_STL 1
| #define CPP_REQUIRES_NAMESPACE 1
| #define HAVE_TCL_H 1
| #define HAVE_LIBTCL8_4 1
| #define HAVE_TK_H 1
| #define HAVE_LIBTK8_4 1
| #define HAVE_OTCL_H 1
| #define HAVE_LIBOTCL1_13 1
| #define HAVE_TCLCL_H 1
| #define HAVE_LIBTCLCL 1
| #define STDC_HEADERS 1
| #define HAVE_ARPA_INET_H 1
| #define HAVE_FENV_H 1
| #define HAVE_NETINET_IN_H 1
| #define HAVE_STRING_H 1
| #define HAVE_STRINGS_H 1
| #define HAVE_TIME_H 1
| #define HAVE_UNISTD_H 1
| #define HAVE_NET_ETHERNET_H 1
| #define HAVE_LIBM 1
| #define HAVE_BCOPY 1
| #define HAVE_BZERO 1
| /* end confdefs.h.  */
| /* Define fesetprecision to an innocuous variant, in case <limits.h> declares fesetprecision.
|    For example, HP-UX 11i <limits.h> declares gettimeofday.  */
| #define fesetprecision innocuous_fesetprecision
| 
| /* System header to define __stub macros and hopefully few prototypes,
|     which can conflict with char fesetprecision (); below.
|     Prefer <limits.h> to <assert.h> if __STDC__ is defined, since
|     <limits.h> exists even on freestanding compilers.  */
| 
| #ifdef __STDC__
| # include <limits.h>
| #else
| # include <assert.h>
| #endif
| 
| #undef fesetprecision
| 
| /* Override any gcc2 internal prototype to avoid an error.  */
| #ifdef __cplusplus
| extern "C"
| {
| #endif
| /* We use char because int might match the return type of a gcc2
|    builtin and then its argument prototype would still apply.  */
| char fesetprecision ();
| /* The GNU C library defines this for functions which it implements
|     to always fail with ENOSYS.  Some functions are actually named
|     something starting with __ and the normal name is an alias.  */
| #if defined (__stub_fesetprecision) || defined (__stub___fesetprecision)
| choke me
| #else
| char (*f) () = fesetprecision;
| #endif
| #ifdef __cplusplus
| }
| #endif
| 
| int
| main ()
| {
| return f != fesetprecision;
|   ;
|   return 0;
| }
configure:7225: result: no
configure:7137: checking for feenableexcept
configure:7194: gcc -o conftest -g -O2   conftest.c -lm  >&5
configure:7200: $? = 0
configure:7204: test -z 
			 || test ! -s conftest.err
configure:7207: $? = 0
configure:7210: test -s conftest
configure:7213: $? = 0
configure:7225: result: yes
configure:7137: checking for getrusage
configure:7194: gcc -o conftest -g -O2   conftest.c -lm  >&5
configure:7200: $? = 0
configure:7204: test -z 
			 || test ! -s conftest.err
configure:7207: $? = 0
configure:7210: test -s conftest
configure:7213: $? = 0
configure:7225: result: yes
configure:7137: checking for sbrk
configure:7194: gcc -o conftest -g -O2   conftest.c -lm  >&5
configure:7200: $? = 0
configure:7204: test -z 
			 || test ! -s conftest.err
configure:7207: $? = 0
configure:7210: test -s conftest
configure:7213: $? = 0
configure:7225: result: yes
configure:7137: checking for snprintf
configure:7194: gcc -o conftest -g -O2   conftest.c -lm  >&5
conftest.c:73: warning: conflicting types for built-in function 'snprintf'
configure:7200: $? = 0
configure:7204: test -z 
			 || test ! -s conftest.err
configure:7207: $? = 0
configure:7210: test -s conftest
configure:7213: $? = 0
configure:7225: result: yes
configure:7236: checking return type of random
configure:7261: gcc -o conftest -g -O2   conftest.c -lm  >&5
configure:7264: $? = 0
configure:7266: ./conftest
configure:7269: $? = 0
configure:7271: result: long
configure:7295: checking for int8_t
configure:7319: gcc -c -g -O2  conftest.c >&5
configure:7325: $? = 0
configure:7329: test -z 
			 || test ! -s conftest.err
configure:7332: $? = 0
configure:7335: test -s conftest.o
configure:7338: $? = 0
configure:7349: result: yes
configure:7361: checking for int16_t
configure:7385: gcc -c -g -O2  conftest.c >&5
configure:7391: $? = 0
configure:7395: test -z 
			 || test ! -s conftest.err
configure:7398: $? = 0
configure:7401: test -s conftest.o
configure:7404: $? = 0
configure:7415: result: yes
configure:7427: checking for int32_t
configure:7451: gcc -c -g -O2  conftest.c >&5
configure:7457: $? = 0
configure:7461: test -z 
			 || test ! -s conftest.err
configure:7464: $? = 0
configure:7467: test -s conftest.o
configure:7470: $? = 0
configure:7481: result: yes
configure:7493: checking for u_int8_t
configure:7517: gcc -c -g -O2  conftest.c >&5
configure:7523: $? = 0
configure:7527: test -z 
			 || test ! -s conftest.err
configure:7530: $? = 0
configure:7533: test -s conftest.o
configure:7536: $? = 0
configure:7547: result: yes
configure:7559: checking for u_int16_t
configure:7583: gcc -c -g -O2  conftest.c >&5
configure:7589: $? = 0
configure:7593: test -z 
			 || test ! -s conftest.err
configure:7596: $? = 0
configure:7599: test -s conftest.o
configure:7602: $? = 0
configure:7613: result: yes
configure:7625: checking for u_int32_t
configure:7649: gcc -c -g -O2  conftest.c >&5
configure:7655: $? = 0
configure:7659: test -z 
			 || test ! -s conftest.err
configure:7662: $? = 0
configure:7665: test -s conftest.o
configure:7668: $? = 0
configure:7679: result: yes
configure:7691: checking for u_char
configure:7715: gcc -c -g -O2  conftest.c >&5
configure:7721: $? = 0
configure:7725: test -z 
			 || test ! -s conftest.err
configure:7728: $? = 0
configure:7731: test -s conftest.o
configure:7734: $? = 0
configure:7745: result: yes
configure:7757: checking for u_int
configure:7781: gcc -c -g -O2  conftest.c >&5
configure:7787: $? = 0
configure:7791: test -z 
			 || test ! -s conftest.err
configure:7794: $? = 0
configure:7797: test -s conftest.o
configure:7800: $? = 0
configure:7811: result: yes
configure:7830: checking for strtoq
configure:7887: gcc -o conftest -g -O2   conftest.c -lm  >&5
configure:7893: $? = 0
configure:7897: test -z 
			 || test ! -s conftest.err
configure:7900: $? = 0
configure:7903: test -s conftest
configure:7906: $? = 0
configure:7918: result: yes
configure:7830: checking for strtoll
configure:7887: gcc -o conftest -g -O2   conftest.c -lm  >&5
configure:7893: $? = 0
configure:7897: test -z 
			 || test ! -s conftest.err
configure:7900: $? = 0
configure:7903: test -s conftest
configure:7906: $? = 0
configure:7918: result: yes
configure:7933: checking for long
configure:7957: gcc -c -g -O2  conftest.c >&5
configure:7963: $? = 0
configure:7967: test -z 
			 || test ! -s conftest.err
configure:7970: $? = 0
configure:7973: test -s conftest.o
configure:7976: $? = 0
configure:7987: result: yes
configure:7990: checking size of long
configure:8309: gcc -o conftest -g -O2   conftest.c -lm  >&5
configure:8312: $? = 0
configure:8314: ./conftest
configure:8317: $? = 0
configure:8340: result: 4
configure:8443: checking for __int64_t
configure:8463: gcc -o conftest -g -O2   conftest.c -lm  >&5
conftest.c: In function 'main':
conftest.c:55: error: '__int64_t' undeclared (first use in this function)
conftest.c:55: error: (Each undeclared identifier is reported only once
conftest.c:55: error: for each function it appears in.)
conftest.c:55: error: expected ';' before 'x'
conftest.c:55: warning: incompatible implicit declaration of built-in function 'exit'
conftest.c:55: error: 'x' undeclared (first use in this function)
configure:8466: $? = 1
configure: program exited with status 1
configure: failed program was:
| /* confdefs.h.  */
| 
| #define PACKAGE_NAME ""
| #define PACKAGE_TARNAME ""
| #define PACKAGE_VERSION ""
| #define PACKAGE_STRING ""
| #define PACKAGE_BUGREPORT ""
| #define _GNU_SOURCE 1
| #ifdef __cplusplus
| extern "C" void exit (int) throw ();
| #endif
| #define STDC_HEADERS 1
| #define HAVE_SYS_TYPES_H 1
| #define HAVE_SYS_STAT_H 1
| #define HAVE_STDLIB_H 1
| #define HAVE_STRING_H 1
| #define HAVE_MEMORY_H 1
| #define HAVE_STRINGS_H 1
| #define HAVE_INTTYPES_H 1
| #define HAVE_STDINT_H 1
| #define HAVE_UNISTD_H 1
| #define HAVE_STRING_H 1
| #define HAVE_STL 1
| #define CPP_REQUIRES_NAMESPACE 1
| #define HAVE_TCL_H 1
| #define HAVE_LIBTCL8_4 1
| #define HAVE_TK_H 1
| #define HAVE_LIBTK8_4 1
| #define HAVE_OTCL_H 1
| #define HAVE_LIBOTCL1_13 1
| #define HAVE_TCLCL_H 1
| #define HAVE_LIBTCLCL 1
| #define STDC_HEADERS 1
| #define HAVE_ARPA_INET_H 1
| #define HAVE_FENV_H 1
| #define HAVE_NETINET_IN_H 1
| #define HAVE_STRING_H 1
| #define HAVE_STRINGS_H 1
| #define HAVE_TIME_H 1
| #define HAVE_UNISTD_H 1
| #define HAVE_NET_ETHERNET_H 1
| #define HAVE_LIBM 1
| #define HAVE_BCOPY 1
| #define HAVE_BZERO 1
| #define HAVE_FEENABLEEXCEPT 1
| #define HAVE_GETRUSAGE 1
| #define HAVE_SBRK 1
| #define HAVE_SNPRINTF 1
| #define RANDOM_RETURN_TYPE long
| #define HAVE_STRTOQ 1
| #define HAVE_STRTOLL 1
| #define SIZEOF_LONG 4
| /* end confdefs.h.  */
| 
| main() { __int64_t x; exit (sizeof(x) >= 8 ? 0 : 1); }
| 
configure:8485: result: no
configure:8491: checking for long long
configure:8511: gcc -o conftest -g -O2   conftest.c -lm  >&5
conftest.c: In function 'main':
conftest.c:55: warning: incompatible implicit declaration of built-in function 'exit'
configure:8514: $? = 0
configure:8516: ./conftest
configure:8519: $? = 0
configure:8533: result: yes
configure:8541: checking for int64_t
configure:8567: result: yes
configure:8577: checking which kind of 64-bit int to use
configure:8589: result: int64_t
configure:8610: checking for struct ether_header
configure:8638: gcc -c -g -O2  conftest.c >&5
configure:8644: $? = 0
configure:8648: test -z 
			 || test ! -s conftest.err
configure:8651: $? = 0
configure:8654: test -s conftest.o
configure:8657: $? = 0
configure:8664: result: found
configure:8679: checking for struct ether_addr
configure:8707: gcc -c -g -O2  conftest.c >&5
configure:8713: $? = 0
configure:8717: test -z 
			 || test ! -s conftest.err
configure:8720: $? = 0
configure:8723: test -s conftest.o
configure:8726: $? = 0
configure:8733: result: found
configure:8752: checking for addr2ascii
configure:8809: gcc -o conftest -g -O2   conftest.c -lm  >&5
/tmp/cca1xfUo.o: In function `main':
/home/shlee/idrm_mass/ns-allinone-2.32/ns-2.32/conftest.c:96: undefined reference to `addr2ascii'
/tmp/cca1xfUo.o:(.data+0x0): undefined reference to `addr2ascii'
collect2: ld returned 1 exit status
configure:8815: $? = 1
configure: failed program was:
| /* confdefs.h.  */
| 
| #define PACKAGE_NAME ""
| #define PACKAGE_TARNAME ""
| #define PACKAGE_VERSION ""
| #define PACKAGE_STRING ""
| #define PACKAGE_BUGREPORT ""
| #define _GNU_SOURCE 1
| #ifdef __cplusplus
| extern "C" void exit (int) throw ();
| #endif
| #define STDC_HEADERS 1
| #define HAVE_SYS_TYPES_H 1
| #define HAVE_SYS_STAT_H 1
| #define HAVE_STDLIB_H 1
| #define HAVE_STRING_H 1
| #define HAVE_MEMORY_H 1
| #define HAVE_STRINGS_H 1
| #define HAVE_INTTYPES_H 1
| #define HAVE_STDINT_H 1
| #define HAVE_UNISTD_H 1
| #define HAVE_STRING_H 1
| #define HAVE_STL 1
| #define CPP_REQUIRES_NAMESPACE 1
| #define HAVE_TCL_H 1
| #define HAVE_LIBTCL8_4 1
| #define HAVE_TK_H 1
| #define HAVE_LIBTK8_4 1
| #define HAVE_OTCL_H 1
| #define HAVE_LIBOTCL1_13 1
| #define HAVE_TCLCL_H 1
| #define HAVE_LIBTCLCL 1
| #define STDC_HEADERS 1
| #define HAVE_ARPA_INET_H 1
| #define HAVE_FENV_H 1
| #define HAVE_NETINET_IN_H 1
| #define HAVE_STRING_H 1
| #define HAVE_STRINGS_H 1
| #define HAVE_TIME_H 1
| #define HAVE_UNISTD_H 1
| #define HAVE_NET_ETHERNET_H 1
| #define HAVE_LIBM 1
| #define HAVE_BCOPY 1
| #define HAVE_BZERO 1
| #define HAVE_FEENABLEEXCEPT 1
| #define HAVE_GETRUSAGE 1
| #define HAVE_SBRK 1
| #define HAVE_SNPRINTF 1
| #define RANDOM_RETURN_TYPE long
| #define HAVE_STRTOQ 1
| #define HAVE_STRTOLL 1
| #define SIZEOF_LONG 4
| #define HAVE_INT64 1
| #define HAVE_ETHER_HEADER_STRUCT 1
| #define HAVE_ETHER_ADDRESS_STRUCT 1
| /* end confdefs.h.  */
| /* Define addr2ascii to an innocuous variant, in case <limits.h> declares addr2ascii.
|    For example, HP-UX 11i <limits.h> declares gettimeofday.  */
| #define addr2ascii innocuous_addr2ascii
| 
| /* System header to define __stub macros and hopefully few prototypes,
|     which can conflict with char addr2ascii (); below.
|     Prefer <limits.h> to <assert.h> if __STDC__ is defined, since
|     <limits.h> exists even on freestanding compilers.  */
| 
| #ifdef __STDC__
| # include <limits.h>
| #else
| # include <assert.h>
| #endif
| 
| #undef addr2ascii
| 
| /* Override any gcc2 internal prototype to avoid an error.  */
| #ifdef __cplusplus
| extern "C"
| {
| #endif
| /* We use char because int might match the return type of a gcc2
|    builtin and then its argument prototype would still apply.  */
| char addr2ascii ();
| /* The GNU C library defines this for functions which it implements
|     to always fail with ENOSYS.  Some functions are actually named
|     something starting with __ and the normal name is an alias.  */
| #if defined (__stub_addr2ascii) || defined (__stub___addr2ascii)
| choke me
| #else
| char (*f) () = addr2ascii;
| #endif
| #ifdef __cplusplus
| }
| #endif
| 
| int
| main ()
| {
| return f != addr2ascii;
|   ;
|   return 0;
| }
configure:8840: result: no
configure:8871: gcc -o conftest -g -O2   conftest.c -lm  >&5
configure:8874: $? = 0
configure:8876: ./conftest
configure:8879: $? = 0
configure:8897: checking for Linux compliant tcphdr
configure:8926: gcc -c -g -O2  conftest.c >&5
configure:8932: $? = 0
configure:8936: test -z 
			 || test ! -s conftest.err
configure:8939: $? = 0
configure:8942: test -s conftest.o
configure:8945: $? = 0
configure:8949: result: found
configure:8964: checking for BSD compliant tcphdr
configure:8993: gcc -c -g -O2  conftest.c >&5
conftest.c: In function 'main':
conftest.c:69: error: 'struct tcphdr' has no member named 'th_sport'
configure:8999: $? = 1
configure: failed program was:
| /* confdefs.h.  */
| 
| #define PACKAGE_NAME ""
| #define PACKAGE_TARNAME ""
| #define PACKAGE_VERSION ""
| #define PACKAGE_STRING ""
| #define PACKAGE_BUGREPORT ""
| #define _GNU_SOURCE 1
| #ifdef __cplusplus
| extern "C" void exit (int) throw ();
| #endif
| #define STDC_HEADERS 1
| #define HAVE_SYS_TYPES_H 1
| #define HAVE_SYS_STAT_H 1
| #define HAVE_STDLIB_H 1
| #define HAVE_STRING_H 1
| #define HAVE_MEMORY_H 1
| #define HAVE_STRINGS_H 1
| #define HAVE_INTTYPES_H 1
| #define HAVE_STDINT_H 1
| #define HAVE_UNISTD_H 1
| #define HAVE_STRING_H 1
| #define HAVE_STL 1
| #define CPP_REQUIRES_NAMESPACE 1
| #define HAVE_TCL_H 1
| #define HAVE_LIBTCL8_4 1
| #define HAVE_TK_H 1
| #define HAVE_LIBTK8_4 1
| #define HAVE_OTCL_H 1
| #define HAVE_LIBOTCL1_13 1
| #define HAVE_TCLCL_H 1
| #define HAVE_LIBTCLCL 1
| #define STDC_HEADERS 1
| #define HAVE_ARPA_INET_H 1
| #define HAVE_FENV_H 1
| #define HAVE_NETINET_IN_H 1
| #define HAVE_STRING_H 1
| #define HAVE_STRINGS_H 1
| #define HAVE_TIME_H 1
| #define HAVE_UNISTD_H 1
| #define HAVE_NET_ETHERNET_H 1
| #define HAVE_LIBM 1
| #define HAVE_BCOPY 1
| #define HAVE_BZERO 1
| #define HAVE_FEENABLEEXCEPT 1
| #define HAVE_GETRUSAGE 1
| #define HAVE_SBRK 1
| #define HAVE_SNPRINTF 1
| #define RANDOM_RETURN_TYPE long
| #define HAVE_STRTOQ 1
| #define HAVE_STRTOLL 1
| #define SIZEOF_LONG 4
| #define HAVE_INT64 1
| #define HAVE_ETHER_HEADER_STRUCT 1
| #define HAVE_ETHER_ADDRESS_STRUCT 1
| #define HAVE_SIOCGIFHWADDR 1
| /* end confdefs.h.  */
| 
| #include <stdio.h>
| #include <netinet/tcp.h>
| 
| int
| main ()
| {
| 
| int main()
| {
| 	struct tcphdr *tcp;
| 	tcp->th_sport= 1;
| 
| 	return 0;
| }
| 
|   ;
|   return 0;
| }
configure:9024: result: not found
configure:9030: checking for socklen_t
configure:9053: gcc -c -g -O2  conftest.c >&5
configure:9059: $? = 0
configure:9063: test -z 
			 || test ! -s conftest.err
configure:9066: $? = 0
configure:9069: test -s conftest.o
configure:9072: $? = 0
configure:9084: result: yes
configure:9097: checking for main in -lpcap
configure:9121: gcc -o conftest -g -O2   conftest.c -lpcap  -lm  >&5
configure:9127: $? = 0
configure:9131: test -z 
			 || test ! -s conftest.err
configure:9134: $? = 0
configure:9137: test -s conftest
configure:9140: $? = 0
configure:9153: result: yes
configure:9162: checking to make nse
configure:9166: result: yes
configure:9218: checking for dlopen in -ldl
configure:9248: gcc -o conftest -g -O2   conftest.c -ldl  -lm  >&5
configure:9254: $? = 0
configure:9258: test -z 
			 || test ! -s conftest.err
configure:9261: $? = 0
configure:9264: test -s conftest
configure:9267: $? = 0
configure:9280: result: yes
configure:9472: checking for a BSD-compatible install
configure:9527: result: /usr/bin/install -c
configure:9636: creating ./config.status

## ---------------------- ##
## Running config.status. ##
## ---------------------- ##

This file was extended by config.status, which was
generated by GNU Autoconf 2.59.  Invocation command line was

  CONFIG_FILES    = 
  CONFIG_HEADERS  = 
  CONFIG_LINKS    = 
  CONFIG_COMMANDS = 
  $ ./config.status 

on apus

config.status:707: creating Makefile
config.status:707: creating tcl/lib/ns-autoconf.tcl
config.status:707: creating indep-utils/webtrace-conv/ucb/Makefile
config.status:707: creating indep-utils/webtrace-conv/dec/Makefile
config.status:707: creating indep-utils/webtrace-conv/nlanr/Makefile
config.status:707: creating indep-utils/webtrace-conv/epa/Makefile
config.status:707: creating indep-utils/cmu-scen-gen/setdest/Makefile
config.status:811: creating autoconf.h
config.status:1005: autoconf.h is unchanged

## ---------------- ##
## Cache variables. ##
## ---------------- ##

ac_cv_build=i686-pc-linux-gnu
ac_cv_build_alias=i686-pc-linux-gnu
ac_cv_c_compiler_gnu=yes
ac_cv_cxx_compiler_gnu=yes
ac_cv_env_CC_set=
ac_cv_env_CC_value=
ac_cv_env_CFLAGS_set=
ac_cv_env_CFLAGS_value=
ac_cv_env_CPPFLAGS_set=
ac_cv_env_CPPFLAGS_value=
ac_cv_env_CPP_set=
ac_cv_env_CPP_value=
ac_cv_env_CXXFLAGS_set=
ac_cv_env_CXXFLAGS_value=
ac_cv_env_CXX_set=
ac_cv_env_CXX_value=
ac_cv_env_LDFLAGS_set=
ac_cv_env_LDFLAGS_value=
ac_cv_env_build_alias_set=
ac_cv_env_build_alias_value=
ac_cv_env_host_alias_set=
ac_cv_env_host_alias_value=
ac_cv_env_target_alias_set=
ac_cv_env_target_alias_value=
ac_cv_exeext=
ac_cv_func_addr2ascii=no
ac_cv_func_bcopy=yes
ac_cv_func_bzero=yes
ac_cv_func_feenableexcept=yes
ac_cv_func_fesetprecision=no
ac_cv_func_getrusage=yes
ac_cv_func_sbrk=yes
ac_cv_func_snprintf=yes
ac_cv_func_strtoll=yes
ac_cv_func_strtoq=yes
ac_cv_header_arpa_inet_h=yes
ac_cv_header_fenv_h=yes
ac_cv_header_inttypes_h=yes
ac_cv_header_memory_h=yes
ac_cv_header_net_ethernet_h=yes
ac_cv_header_netinet_in_h=yes
ac_cv_header_stdc=yes
ac_cv_header_stdint_h=yes
ac_cv_header_stdlib_h=yes
ac_cv_header_string_h=yes
ac_cv_header_strings_h=yes
ac_cv_header_sys_stat_h=yes
ac_cv_header_sys_types_h=yes
ac_cv_header_time_h=yes
ac_cv_header_unistd_h=yes
ac_cv_host=i686-pc-linux-gnu
ac_cv_host_alias=i686-pc-linux-gnu
ac_cv_lib_X11_XOpenDisplay=yes
ac_cv_lib_Xbsd_main=no
ac_cv_lib_Xext_XShmAttach=yes
ac_cv_lib_dl_dlopen=yes
ac_cv_lib_dnet_stub_getnodebyname=no
ac_cv_lib_intl_dcgettext=no
ac_cv_lib_m_main=yes
ac_cv_lib_nsl_gethostbyname=yes
ac_cv_lib_pcap_main=yes
ac_cv_lib_socket_socket=no
ac_cv_objext=o
ac_cv_path_V_TCLSH=../bin/tclsh8.4
ac_cv_path_install='/usr/bin/install -c'
ac_cv_prog_CPP='gcc -E'
ac_cv_prog_ac_ct_CC=gcc
ac_cv_prog_ac_ct_CXX=g++
ac_cv_prog_cc_g=yes
ac_cv_prog_cc_stdc=
ac_cv_prog_cxx_g=yes
ac_cv_prog_egrep='grep -E'
ac_cv_sizeof_long=4
ac_cv_target=i686-pc-linux-gnu
ac_cv_target_alias=i686-pc-linux-gnu
ac_cv_type_int16_t=yes
ac_cv_type_int32_t=yes
ac_cv_type_int64_t=yes
ac_cv_type_int8_t=yes
ac_cv_type_long=yes
ac_cv_type_socklen_t=yes
ac_cv_type_u_char=yes
ac_cv_type_u_int=yes
ac_cv_type_u_int16_t=yes
ac_cv_type_u_int32_t=yes
ac_cv_type_u_int8_t=yes

## ----------------- ##
## Output variables. ##
## ----------------- ##

CC='gcc'
CFLAGS='-g -O2'
CPP='gcc -E'
CPPFLAGS=''
CPP_NAMESPACE='std'
CXX='g++'
CXXFLAGS='-g -O2'
DEFS='-DHAVE_CONFIG_H'
ECHO_C=''
ECHO_N='-n'
ECHO_T=''
EGREP='grep -E'
EXEEXT=''
INSTALL_DATA='${INSTALL} -m 644'
INSTALL_PROGRAM='${INSTALL}'
INSTALL_SCRIPT='${INSTALL}'
LDFLAGS=''
LIBOBJS=''
LIBS='-lm '
LTLIBOBJS=''
OBJEXT='o'
PACKAGE_BUGREPORT=''
PACKAGE_NAME=''
PACKAGE_STRING=''
PACKAGE_TARNAME=''
PACKAGE_VERSION=''
PATH_SEPARATOR=':'
PERL='/usr/bin/perl'
SHELL='/bin/bash'
V_ALL=''
V_AR='ar cr'
V_BROKEN_OBJ=''
V_CCOPT=' -Wall'
V_DEFINE='-DTCLCL_CLASSINSTVAR  -DNDEBUG -DLINUX_TCP_HEADER -DUSE_SHM'
V_DEFINES='-DHAVE_LIBTCLCL -DHAVE_TCLCL_H -DHAVE_LIBOTCL1_13 -DHAVE_OTCL_H -DHAVE_LIBTK8_4 -DHAVE_TK_H -DHAVE_LIBTCL8_4 -DHAVE_TCL_H '
V_INCLUDE=''
V_INCLUDES='-I/home/shlee/idrm_mass/ns-allinone-2.32/tclcl-1.19 -I/home/shlee/idrm_mass/ns-allinone-2.32/otcl-1.13 -I/home/shlee/idrm_mass/ns-allinone-2.32/include -I/home/shlee/idrm_mass/ns-allinone-2.32/include -I/usr/include/pcap'
V_INCLUDE_X11=''
V_LIB=' -lnsl -lpcap -ldl'
V_LIBRARY_TCL='../lib/tcl8.4'
V_LIBRARY_TK='../lib/tk8.4'
V_LIBS='-L/home/shlee/idrm_mass/ns-allinone-2.32/tclcl-1.19 -ltclcl -L/home/shlee/idrm_mass/ns-allinone-2.32/otcl-1.13 -lotcl -L/home/shlee/idrm_mass/ns-allinone-2.32/lib -ltk8.4 -L/home/shlee/idrm_mass/ns-allinone-2.32/lib -ltcl8.4'
V_LIB_OTCL='-L/home/shlee/idrm_mass/ns-allinone-2.32/otcl-1.13 -lotcl'
V_LIB_TCL='-L/home/shlee/idrm_mass/ns-allinone-2.32/lib -ltcl8.4'
V_LIB_TCLCL='-L/home/shlee/idrm_mass/ns-allinone-2.32/tclcl-1.19 -ltclcl'
V_LIB_TK='-L/home/shlee/idrm_mass/ns-allinone-2.32/lib -ltk8.4'
V_LIB_X11='-lXext -lX11'
V_LSSCRIPT=''
V_NS_TCL_LIB_STL='$(NS_TCL_LIB_STL)'
V_OBJ=''
V_OBJ_CRYPT=''
V_RANLIB='ranlib'
V_SHELL=''
V_SIGRET='void'
V_STATIC=''
V_STLOBJ='$(OBJ_STL)'
V_TARCMD='tar cfh'
V_TAR_EXTRA=''
V_TAR_TARGET='linux-gnu'
V_TCL2CPP='../tclcl-1.19/tcl2c++'
V_TCLSH='/home/shlee/idrm_mass/ns-allinone-2.32/bin/tclsh8.4'
V_TCL_LIBRARY_FILES='$(TCL_84_LIBRARY_FILES)'
V_TKDOSNAMES='$(LIBRARY_TK)/optMenu.tcl $(LIBRARY_TK)/scrlbar.tcl'
ac_ct_CC='gcc'
ac_ct_CXX='g++'
bindir='${exec_prefix}/bin'
build='i686-pc-linux-gnu'
build_alias=''
build_cpu='i686'
build_nse='nse'
build_os='linux-gnu'
build_vendor='pc'
datadir='${prefix}/share'
exec_prefix='${prefix}'
host='i686-pc-linux-gnu'
host_alias=''
host_cpu='i686'
host_os='linux-gnu'
host_vendor='pc'
includedir='${prefix}/include'
infodir='${prefix}/info'
libdir='${exec_prefix}/lib'
libexecdir='${exec_prefix}/libexec'
localstatedir='${prefix}/var'
mandir='${prefix}/man'
oldincludedir='/usr/include'
prefix='/usr/local'
program_transform_name='s,x,x,'
sbindir='${exec_prefix}/sbin'
sharedstatedir='${prefix}/com'
sysconfdir='${prefix}/etc'
target='i686-pc-linux-gnu'
target_alias=''
target_cpu='i686'
target_os='linux-gnu'
target_vendor='pc'

## ----------- ##
## confdefs.h. ##
## ----------- ##

#define CPP_REQUIRES_NAMESPACE 1
#define HAVE_ARPA_INET_H 1
#define HAVE_BCOPY 1
#define HAVE_BZERO 1
#define HAVE_ETHER_ADDRESS_STRUCT 1
#define HAVE_ETHER_HEADER_STRUCT 1
#define HAVE_FEENABLEEXCEPT 1
#define HAVE_FENV_H 1
#define HAVE_GETRUSAGE 1
#define HAVE_INT64 1
#define HAVE_INTTYPES_H 1
#define HAVE_LIBM 1
#define HAVE_LIBOTCL1_13 1
#define HAVE_LIBTCL8_4 1
#define HAVE_LIBTCLCL 1
#define HAVE_LIBTK8_4 1
#define HAVE_MEMORY_H 1
#define HAVE_NETINET_IN_H 1
#define HAVE_NET_ETHERNET_H 1
#define HAVE_OTCL_H 1
#define HAVE_SBRK 1
#define HAVE_SIOCGIFHWADDR 1
#define HAVE_SNPRINTF 1
#define HAVE_SOCKLEN_T 1
#define HAVE_STDINT_H 1
#define HAVE_STDLIB_H 1
#define HAVE_STL 1
#define HAVE_STRINGS_H 1
#define HAVE_STRINGS_H 1
#define HAVE_STRING_H 1
#define HAVE_STRING_H 1
#define HAVE_STRING_H 1
#define HAVE_STRTOLL 1
#define HAVE_STRTOQ 1
#define HAVE_SYS_STAT_H 1
#define HAVE_SYS_TYPES_H 1
#define HAVE_TCLCL_H 1
#define HAVE_TCL_H 1
#define HAVE_TIME_H 1
#define HAVE_TK_H 1
#define HAVE_UNISTD_H 1
#define HAVE_UNISTD_H 1
#define PACKAGE_BUGREPORT ""
#define PACKAGE_NAME ""
#define PACKAGE_STRING ""
#define PACKAGE_TARNAME ""
#define PACKAGE_VERSION ""
#define RANDOM_RETURN_TYPE long
#define SIZEOF_LONG 4
#define STDC_HEADERS 1
#define STDC_HEADERS 1
#define _GNU_SOURCE 1
#endif
#ifdef __cplusplus
extern "C" void exit (int) throw ();

configure: exit 0
