Started time: 09:17:09
output file name: d-2_G-5_g-5_n-0_t-2500_S-10_r-5_a-20_A-0_b-0_e-10_i-10_s-1_L-1000
Running RPGM...
Running NS...
Started time: 09:17:15
output file name: d-2_G-5_g-5_n-0_t-2500_S-10_r-5_a-20_A-0_b-50_e-10_i-10_s-1_L-1000
Running RPGM...
Running NS...
Started time: 09:17:20
output file name: d-2_G-5_g-5_n-0_t-2500_S-10_r-5_a-20_A-0_b-100_e-10_i-10_s-1_L-1000
Running RPGM...
Running NS...
Started time: 09:17:33
output file name: d-2_G-5_g-5_n-0_t-2500_S-10_r-5_a-20_A-2_b-1_e-10_i-10_s-1_L-1000
Running RPGM...
Running NS...
Started time: 09:18:57
output file name: d-2_G-5_g-5_n-0_t-2500_S-10_r-5_a-20_A-0_b-30_e-10_i-10_s-1_L-1000
Running RPGM...
Running NS...
Counting overhead...
Created overhead statistics file  : /home/hoon/idrm/ns-allinone-2.32/ns-2.32/results/d-2_G-5_g-5_n-0_t-2500_S-10_r-5_a-20_A-0_b-0_e-10_i-10_s-1_L-1000.oh
Parseing beacon interval changes...
Created beacon interval dump file : /home/hoon/idrm/ns-allinone-2.32/ns-2.32/results/d-2_G-5_g-5_n-0_t-2500_S-10_r-5_a-20_A-0_b-0_e-10_i-10_s-1_L-1000.beacon
Counting connectivity...
Created connectivity aggregation file : /home/hoon/idrm/ns-allinone-2.32/ns-2.32/results/d-2_G-5_g-5_n-0_t-2500_S-10_r-5_a-20_A-0_b-0_e-10_i-10_s-1_L-1000.dat
Calculating the average...
Average active count: 0
Average inter connectivity: 0
Average intra connectivity: 22.7208
Average total connectivity: 22.7208
Average total connectivity (new): 0
Created statistical average file : /home/hoon/idrm/ns-allinone-2.32/ns-2.32/results/d-2_G-5_g-5_n-0_t-2500_S-10_r-5_a-20_A-0_b-0_e-10_i-10_s-1_L-1000.avg
[Debug] .dump, .tr, .nam, .movement, .position files are created for debugging purpose
Finished time: 09:45:38
Counting overhead...
Created overhead statistics file  : /home/hoon/idrm/ns-allinone-2.32/ns-2.32/results/d-2_G-5_g-5_n-0_t-2500_S-10_r-5_a-20_A-0_b-50_e-10_i-10_s-1_L-1000.oh
Parseing beacon interval changes...
Created beacon interval dump file : /home/hoon/idrm/ns-allinone-2.32/ns-2.32/results/d-2_G-5_g-5_n-0_t-2500_S-10_r-5_a-20_A-0_b-50_e-10_i-10_s-1_L-1000.beacon
Counting connectivity...
Created connectivity aggregation file : /home/hoon/idrm/ns-allinone-2.32/ns-2.32/results/d-2_G-5_g-5_n-0_t-2500_S-10_r-5_a-20_A-0_b-50_e-10_i-10_s-1_L-1000.dat
Calculating the average...
Average active count: 25.8891
Average inter connectivity: 25.1075
Average intra connectivity: 22.5021
Average total connectivity: 47.6096
Average total connectivity (new): 24.8435
Created statistical average file : /home/hoon/idrm/ns-allinone-2.32/ns-2.32/results/d-2_G-5_g-5_n-0_t-2500_S-10_r-5_a-20_A-0_b-50_e-10_i-10_s-1_L-1000.avg
[Debug] .dump, .tr, .nam, .movement, .position files are created for debugging purpose
Finished time: 09:49:05
Counting overhead...
Created overhead statistics file  : /home/hoon/idrm/ns-allinone-2.32/ns-2.32/results/d-2_G-5_g-5_n-0_t-2500_S-10_r-5_a-20_A-2_b-1_e-10_i-10_s-1_L-1000.oh
Parseing beacon interval changes...
Created beacon interval dump file : /home/hoon/idrm/ns-allinone-2.32/ns-2.32/results/d-2_G-5_g-5_n-0_t-2500_S-10_r-5_a-20_A-2_b-1_e-10_i-10_s-1_L-1000.beacon
Counting connectivity...
Created connectivity aggregation file : /home/hoon/idrm/ns-allinone-2.32/ns-2.32/results/d-2_G-5_g-5_n-0_t-2500_S-10_r-5_a-20_A-2_b-1_e-10_i-10_s-1_L-1000.dat
Calculating the average...
Average active count: 13.9824
Average inter connectivity: 22.5081
Average intra connectivity: 22.7241
Average total connectivity: 45.2322
Average total connectivity (new): 24.7235
Created statistical average file : /home/hoon/idrm/ns-allinone-2.32/ns-2.32/results/d-2_G-5_g-5_n-0_t-2500_S-10_r-5_a-20_A-2_b-1_e-10_i-10_s-1_L-1000.avg
[Debug] .dump, .tr, .nam, .movement, .position files are created for debugging purpose
Finished time: 09:51:59
Counting overhead...
Created overhead statistics file  : /home/hoon/idrm/ns-allinone-2.32/ns-2.32/results/d-2_G-5_g-5_n-0_t-2500_S-10_r-5_a-20_A-0_b-100_e-10_i-10_s-1_L-1000.oh
Parseing beacon interval changes...
Created beacon interval dump file : /home/hoon/idrm/ns-allinone-2.32/ns-2.32/results/d-2_G-5_g-5_n-0_t-2500_S-10_r-5_a-20_A-0_b-100_e-10_i-10_s-1_L-1000.beacon
Counting connectivity...
Created connectivity aggregation file : /home/hoon/idrm/ns-allinone-2.32/ns-2.32/results/d-2_G-5_g-5_n-0_t-2500_S-10_r-5_a-20_A-0_b-100_e-10_i-10_s-1_L-1000.dat
Calculating the average...
Counting overhead...
Created overhead statistics file  : /home/hoon/idrm/ns-allinone-2.32/ns-2.32/results/d-2_G-5_g-5_n-0_t-2500_S-10_r-5_a-20_A-0_b-30_e-10_i-10_s-1_L-1000.oh
Parseing beacon interval changes...
Created beacon interval dump file : /home/hoon/idrm/ns-allinone-2.32/ns-2.32/results/d-2_G-5_g-5_n-0_t-2500_S-10_r-5_a-20_A-0_b-30_e-10_i-10_s-1_L-1000.beacon
Counting connectivity...
Created connectivity aggregation file : /home/hoon/idrm/ns-allinone-2.32/ns-2.32/results/d-2_G-5_g-5_n-0_t-2500_S-10_r-5_a-20_A-0_b-30_e-10_i-10_s-1_L-1000.dat
Calculating the average...
Average active count: 49.7772
Average inter connectivity: 25.6727
Average intra connectivity: 22.5654
Average total connectivity: 48.2381
Average total connectivity (new): 24.912
Created statistical average file : /home/hoon/idrm/ns-allinone-2.32/ns-2.32/results/d-2_G-5_g-5_n-0_t-2500_S-10_r-5_a-20_A-0_b-100_e-10_i-10_s-1_L-1000.avg
[Debug] .dump, .tr, .nam, .movement, .position files are created for debugging purpose
Finished time: 09:52:49
Average active count: 15.9309
Average inter connectivity: 23.8159
Average intra connectivity: 22.3962
Average total connectivity: 46.2122
Average total connectivity (new): 24.7003
Created statistical average file : /home/hoon/idrm/ns-allinone-2.32/ns-2.32/results/d-2_G-5_g-5_n-0_t-2500_S-10_r-5_a-20_A-0_b-30_e-10_i-10_s-1_L-1000.avg
[Debug] .dump, .tr, .nam, .movement, .position files are created for debugging purpose
Finished time: 09:52:57
